<?xml version="1.0" encoding="UTF-8"?>
<!-- Generated by org.testng.reporters.JUnitXMLReporter -->
<testsuite hostname="LAPTOP-U9F30SBI" ignored="0" name="Different testng Features Test" tests="17" failures="0" timestamp="31 Mar 2018 06:34:25 GMT" time="27.495" errors="0">
  <testcase name="test1" time="0.0" classname="com.test.ExceptionTimeOutTest"/>
  <testcase name="googleLogoTest" time="0.034" classname="com.test.GoogleTitleTest"/>
  <testcase name="googleTitleTest" time="0.006" classname="com.test.GoogleTitleTest"/>
  <testcase name="sum" time="0.0" classname="com.test.InvocationCountTest"/>
  <testcase name="sum" time="0.0" classname="com.test.InvocationCountTest"/>
  <testcase name="sum" time="0.0" classname="com.test.InvocationCountTest"/>
  <testcase name="sum" time="0.0" classname="com.test.InvocationCountTest"/>
  <testcase name="sum" time="0.0" classname="com.test.InvocationCountTest"/>
  <testcase name="sum" time="0.0" classname="com.test.InvocationCountTest"/>
  <testcase name="sum" time="0.0" classname="com.test.InvocationCountTest"/>
  <testcase name="sum" time="0.0" classname="com.test.InvocationCountTest"/>
  <testcase name="sum" time="0.0" classname="com.test.InvocationCountTest"/>
  <testcase name="sum" time="0.0" classname="com.test.InvocationCountTest"/>
  <testcase name="googleLogoTest" time="0.0" classname="com.test.TestNGBasics"/>
  <testcase name="googleTitleTest" time="0.0" classname="com.test.TestNGBasics"/>
  <testcase name="searchTest" time="0.0" classname="com.test.TestNGBasics"/>
  <testcase name="loginTest" time="0.0" classname="com.test.TestNGFeatures"/>
</testsuite> <!-- Different testng Features Test -->
